2018-10-10 15:27:45,164 __main__- INFO - ******************************开始获取网页************************************
2018-10-10 15:27:45,932 __main__- INFO - start download 世界公认经典胎教音乐-高清音质(1).m4a url=http://audio.xmcdn.com/group30/M01/69/4A/wKgJXlmpRLyzTeOPABmxaDA2ztY510.m4a
2018-10-10 15:27:45,992 __main__- INFO - done
2018-10-10 15:27:45,993 __main__- INFO - start download 世界公认经典胎教音乐-高清音质(2).m4a url=http://audio.xmcdn.com/group30/M05/69/4A/wKgJXlmpRL6zFjjIABjNz2LRbQw575.m4a
2018-10-10 15:27:46,042 __main__- INFO - done
2018-10-10 15:27:46,042 __main__- INFO - start download 世界公认经典胎教音乐-高清音质(5).m4a url=http://audio.xmcdn.com/group30/M05/69/4C/wKgJXlmpRMbgJNUsABNsaj-mBwg346.m4a
2018-10-10 15:27:46,094 __main__- INFO - done
2018-10-10 15:27:46,094 __main__- INFO - start download 世界公认经典胎教音乐-高清音质(6).m4a url=http://audio.xmcdn.com/group30/M05/69/4E/wKgJXlmpRMzgcTipABo5-DIeVY4789.m4a
2018-10-10 15:27:46,152 __main__- INFO - done
2018-10-10 15:27:46,152 __main__- INFO - start download 世界公认经典胎教音乐-高清音质(7).m4a url=http://audio.xmcdn.com/group30/M05/69/50/wKgJXlmpRNSRhRZkACF-e7orYDo615.m4a
2018-10-10 15:27:46,230 __main__- INFO - done
2018-10-10 15:27:46,235 __main__- INFO - start download 世界公认经典胎教音乐-高清音质(10).m4a url=http://audio.xmcdn.com/group30/M05/69/55/wKgJXlmpROew27iHACiA88n2UxY692.m4a
2018-10-10 15:27:46,295 __main__- INFO - done
2018-10-10 15:27:46,295 __main__- INFO - start download 世界公认经典胎教音乐-高清音质(11).m4a url=http://audio.xmcdn.com/group30/M05/69/56/wKgJXlmpROzQ1p6qACFSbeSLkFA724.m4a
2018-10-10 15:27:46,357 __main__- INFO - done
2018-10-10 15:27:46,357 __main__- INFO - start download 世界公认经典胎教音乐-高清音质(12).m4a url=http://audio.xmcdn.com/group32/M08/FC/F4/wKgJnFmpRPvT_ZYqAB9ME2d2Abw854.m4a
2018-10-10 15:27:46,441 __main__- INFO - done
2018-10-10 15:27:46,441 __main__- INFO - start download 世界公认经典胎教音乐-高清音质(13).m4a url=http://audio.xmcdn.com/group32/M08/FC/F6/wKgJnFmpRQGxTotkAB4L8y43FtQ863.m4a
2018-10-10 15:27:46,514 __main__- INFO - done
2018-10-10 15:27:46,514 __main__- INFO - start download 世界公认经典胎教音乐-高清音质(14).m4a url=http://audio.xmcdn.com/group32/M08/FC/78/wKgJS1mpRQWT1RFlAB4INTCMHsg360.m4a
2018-10-10 15:27:46,572 __main__- INFO - done
2018-10-10 15:27:46,572 __main__- INFO - start download 世界公认经典胎教音乐-高清音质(15).m4a url=http://audio.xmcdn.com/group32/M08/FC/78/wKgJS1mpRQWyk71_ABpIp_7d0cM583.m4a
2018-10-10 15:27:46,664 __main__- INFO - done
2018-10-10 15:27:46,665 __main__- INFO - start download 世界公认经典胎教音乐-高清音质(16).m4a url=http://audio.xmcdn.com/group32/M08/FC/F7/wKgJnFmpRQvB7YYBABihwSA_5pc571.m4a
2018-10-10 15:27:46,731 __main__- INFO - done
2018-10-10 15:27:46,732 __main__- INFO - start download 世界公认经典胎教音乐-高清音质(17).m4a url=http://audio.xmcdn.com/group32/M08/FC/7A/wKgJS1mpRRLRhKfhABL0AQgXGSY033.m4a
2018-10-10 15:27:46,805 __main__- INFO - done
2018-10-10 15:27:46,805 __main__- INFO - start download 世界公认经典胎教音乐-高清音质(18).m4a url=http://audio.xmcdn.com/group32/M08/FC/7B/wKgJS1mpRRrwdoZKAB6TC0MsPDk701.m4a
2018-10-10 15:27:46,889 __main__- INFO - done
2018-10-10 15:27:46,889 __main__- INFO - start download 世界公认经典胎教音乐-高清音质(19).m4a url=http://audio.xmcdn.com/group32/M08/FC/7B/wKgJS1mpRR_g0xKfABXQvVaCJDg626.m4a
2018-10-10 15:27:46,955 __main__- INFO - done
2018-10-10 15:27:46,955 __main__- INFO - start download 世界公认经典胎教音乐-高清音质(20).m4a url=http://audio.xmcdn.com/group33/M08/FD/6A/wKgJTFmpRSfQDKaWABXVKCO1nXQ501.m4a
2018-10-10 15:27:47,017 __main__- INFO - done
2018-10-10 15:27:47,017 __main__- INFO - start download 世界公认经典胎教音乐-高清音质(21).m4a url=http://audio.xmcdn.com/group33/M08/FD/6C/wKgJTFmpRTHDWgPwAB8SzRw79xg850.m4a
2018-10-10 15:27:47,101 __main__- INFO - done
2018-10-10 15:27:47,102 __main__- INFO - start download 世界公认经典胎教音乐-高清音质(22).m4a url=http://audio.xmcdn.com/group33/M08/FD/6C/wKgJTFmpRTLRvmzdAB--nSkpnRY539.m4a
2018-10-10 15:27:47,172 __main__- INFO - done
2018-10-10 15:27:47,172 __main__- INFO - start download 世界公认经典胎教音乐-高清音质(23).m4a url=http://audio.xmcdn.com/group33/M08/FD/65/wKgJnVmpRTLBI2znABjH7ZPmcPg711.m4a
2018-10-10 15:27:47,225 __main__- INFO - done
2018-10-10 15:27:47,225 __main__- INFO - start download 世界公认经典胎教音乐-高清音质(24).m4a url=http://audio.xmcdn.com/group33/M08/FD/66/wKgJnVmpRTnRLvVQAB1CxUiTCvU454.m4a
2018-10-10 15:27:47,312 __main__- INFO - done
2018-10-10 15:27:47,312 __main__- INFO - start download 世界公认经典胎教音乐-高清音质(25).m4a url=http://audio.xmcdn.com/group33/M0B/FD/6E/wKgJTFmpRUHTIvRGABYYsvw5Rug003.m4a
2018-10-10 15:27:47,402 __main__- INFO - done
2018-10-10 15:27:47,403 __main__- INFO - start download 世界公认经典胎教音乐-高清音质(27).m4a url=http://audio.xmcdn.com/group33/M0B/FD/70/wKgJTFmpRUrzEJIOACIeirsV2NY474.m4a
2018-10-10 15:27:47,481 __main__- INFO - done
2018-10-10 15:27:47,481 __main__- INFO - start download 世界公认经典胎教音乐-高清音质(29).m4a url=http://audio.xmcdn.com/group33/M08/FD/69/wKgJnVmpRU7jK8GeACC4P1PdaAU195.m4a
2018-10-10 15:27:47,571 __main__- INFO - done
2018-10-10 15:27:47,572 __main__- INFO - start download 世界公认经典胎教音乐-高清音质(30).m4a url=http://audio.xmcdn.com/group33/M0B/FD/70/wKgJTFmpRU_yFeyZACC4P5cb6T8634.m4a
2018-10-10 15:27:47,628 __main__- INFO - done
2018-10-10 15:27:47,628 __main__- INFO - start download 世界公认经典胎教音乐-高清音质(33).m4a url=http://audio.xmcdn.com/group33/M0B/FD/72/wKgJTFmpRVzwrS8tABzUpQCY3-o258.m4a
2018-10-10 15:27:47,696 __main__- INFO - done
2018-10-10 15:27:47,696 __main__- INFO - start download 世界公认经典胎教音乐-高清音质(34).m4a url=http://audio.xmcdn.com/group32/M09/FC/7D/wKgJS1mpRWmyoU85ABsn3lsF964310.m4a
2018-10-10 15:27:47,793 __main__- INFO - done
2018-10-10 15:27:47,793 __main__- INFO - start download 世界公认经典胎教音乐-高清音质(35).m4a url=http://audio.xmcdn.com/group32/M09/FC/FD/wKgJnFmpRXXy2V7VACi9GzylO6c607.m4a
2018-10-10 15:27:47,859 __main__- INFO - done
2018-10-10 15:27:47,860 __main__- INFO - start download 世界公认经典胎教音乐-高清音质(37).m4a url=http://audio.xmcdn.com/group32/M09/FC/82/wKgJS1mpRYDgU7WUACBNClc80Ig518.m4a
2018-10-10 15:27:47,942 __main__- INFO - done
2018-10-10 15:27:47,942 __main__- INFO - start download 世界公认经典胎教音乐-高清音质(39).m4a url=http://audio.xmcdn.com/group32/M09/FD/00/wKgJnFmpRYWwzegUAB4Na9khDRM715.m4a
2018-10-10 15:27:48,015 __main__- INFO - done
2018-10-10 15:27:48,015 __main__- INFO - start download 世界公认经典胎教音乐-高清音质(40).m4a url=http://audio.xmcdn.com/group32/M09/FD/01/wKgJnFmpRY7yep-dABOtBa0qD9A167.m4a
2018-10-10 15:27:48,065 __main__- INFO - done
2018-10-10 15:27:48,066 __main__- INFO - start download 世界公认经典胎教音乐-高清音质(42).m4a url=http://audio.xmcdn.com/group32/M09/FD/03/wKgJnFmpRZey1Pa5ACaJPELJQN8545.m4a
2018-10-10 15:27:48,120 __main__- INFO - done
2018-10-10 15:27:48,121 __main__- INFO - start download 世界公认经典胎教音乐-高清音质(44).m4a url=http://audio.xmcdn.com/group30/M08/69/5C/wKgJXlmpRafQjaqUAByCaCpGv1U791.m4a
2018-10-10 15:27:48,181 __main__- INFO - done
2018-10-10 15:27:48,181 __main__- INFO - start download 世界公认经典胎教音乐-高清音质(45).m4a url=http://audio.xmcdn.com/group30/M08/69/5D/wKgJXlmpRaujsvKkABqsgqTkSTE363.m4a
2018-10-10 15:27:48,234 __main__- INFO - done
2018-10-10 15:27:48,235 __main__- INFO - finish!
2018-10-10 15:31:22,659 __main__- INFO - ******************************开始获取网页************************************
2018-10-10 15:31:23,186 __main__- INFO - start download 世界公认经典胎教音乐-高清音质_1).m4a url=http://audio.xmcdn.com/group30/M01/69/4A/wKgJXlmpRLyzTeOPABmxaDA2ztY510.m4a
2018-10-10 15:31:23,245 __main__- INFO - done
2018-10-10 15:31:23,245 __main__- INFO - start download 世界公认经典胎教音乐-高清音质_2).m4a url=http://audio.xmcdn.com/group30/M05/69/4A/wKgJXlmpRL6zFjjIABjNz2LRbQw575.m4a
2018-10-10 15:31:23,297 __main__- INFO - done
2018-10-10 15:31:23,297 __main__- INFO - start download 世界公认经典胎教音乐-高清音质_5).m4a url=http://audio.xmcdn.com/group30/M05/69/4C/wKgJXlmpRMbgJNUsABNsaj-mBwg346.m4a
2018-10-10 15:31:23,345 __main__- INFO - done
2018-10-10 15:31:23,345 __main__- INFO - start download 世界公认经典胎教音乐-高清音质_6).m4a url=http://audio.xmcdn.com/group30/M05/69/4E/wKgJXlmpRMzgcTipABo5-DIeVY4789.m4a
2018-10-10 15:31:23,393 __main__- INFO - done
2018-10-10 15:31:23,394 __main__- INFO - start download 世界公认经典胎教音乐-高清音质_7).m4a url=http://audio.xmcdn.com/group30/M05/69/50/wKgJXlmpRNSRhRZkACF-e7orYDo615.m4a
2018-10-10 15:31:23,450 __main__- INFO - done
2018-10-10 15:31:23,450 __main__- INFO - start download 世界公认经典胎教音乐-高清音质_10).m4a url=http://audio.xmcdn.com/group30/M05/69/55/wKgJXlmpROew27iHACiA88n2UxY692.m4a
2018-10-10 15:31:23,498 __main__- INFO - done
2018-10-10 15:31:23,498 __main__- INFO - start download 世界公认经典胎教音乐-高清音质_11).m4a url=http://audio.xmcdn.com/group30/M05/69/56/wKgJXlmpROzQ1p6qACFSbeSLkFA724.m4a
2018-10-10 15:31:23,549 __main__- INFO - done
2018-10-10 15:31:23,549 __main__- INFO - start download 世界公认经典胎教音乐-高清音质_12).m4a url=http://audio.xmcdn.com/group32/M08/FC/F4/wKgJnFmpRPvT_ZYqAB9ME2d2Abw854.m4a
2018-10-10 15:31:23,605 __main__- INFO - done
2018-10-10 15:31:23,605 __main__- INFO - start download 世界公认经典胎教音乐-高清音质_13).m4a url=http://audio.xmcdn.com/group32/M08/FC/F6/wKgJnFmpRQGxTotkAB4L8y43FtQ863.m4a
2018-10-10 15:31:23,674 __main__- INFO - done
2018-10-10 15:31:23,674 __main__- INFO - start download 世界公认经典胎教音乐-高清音质_14).m4a url=http://audio.xmcdn.com/group32/M08/FC/78/wKgJS1mpRQWT1RFlAB4INTCMHsg360.m4a
2018-10-10 15:31:23,742 __main__- INFO - done
2018-10-10 15:31:23,743 __main__- INFO - start download 世界公认经典胎教音乐-高清音质_15).m4a url=http://audio.xmcdn.com/group32/M08/FC/78/wKgJS1mpRQWyk71_ABpIp_7d0cM583.m4a
2018-10-10 15:31:23,794 __main__- INFO - done
2018-10-10 15:31:23,794 __main__- INFO - start download 世界公认经典胎教音乐-高清音质_16).m4a url=http://audio.xmcdn.com/group32/M08/FC/F7/wKgJnFmpRQvB7YYBABihwSA_5pc571.m4a
2018-10-10 15:31:23,860 __main__- INFO - done
2018-10-10 15:31:23,860 __main__- INFO - start download 世界公认经典胎教音乐-高清音质_17).m4a url=http://audio.xmcdn.com/group32/M08/FC/7A/wKgJS1mpRRLRhKfhABL0AQgXGSY033.m4a
2018-10-10 15:31:23,929 __main__- INFO - done
2018-10-10 15:31:23,929 __main__- INFO - start download 世界公认经典胎教音乐-高清音质_18).m4a url=http://audio.xmcdn.com/group32/M08/FC/7B/wKgJS1mpRRrwdoZKAB6TC0MsPDk701.m4a
2018-10-10 15:31:23,992 __main__- INFO - done
2018-10-10 15:31:23,992 __main__- INFO - start download 世界公认经典胎教音乐-高清音质_19).m4a url=http://audio.xmcdn.com/group32/M08/FC/7B/wKgJS1mpRR_g0xKfABXQvVaCJDg626.m4a
2018-10-10 15:31:24,051 __main__- INFO - done
2018-10-10 15:31:24,051 __main__- INFO - start download 世界公认经典胎教音乐-高清音质_20).m4a url=http://audio.xmcdn.com/group33/M08/FD/6A/wKgJTFmpRSfQDKaWABXVKCO1nXQ501.m4a
2018-10-10 15:31:24,167 __main__- INFO - done
2018-10-10 15:31:24,167 __main__- INFO - start download 世界公认经典胎教音乐-高清音质_21).m4a url=http://audio.xmcdn.com/group33/M08/FD/6C/wKgJTFmpRTHDWgPwAB8SzRw79xg850.m4a
2018-10-10 15:31:24,243 __main__- INFO - done
2018-10-10 15:31:24,244 __main__- INFO - start download 世界公认经典胎教音乐-高清音质_22).m4a url=http://audio.xmcdn.com/group33/M08/FD/6C/wKgJTFmpRTLRvmzdAB--nSkpnRY539.m4a
2018-10-10 15:31:24,302 __main__- INFO - done
2018-10-10 15:31:24,302 __main__- INFO - start download 世界公认经典胎教音乐-高清音质_23).m4a url=http://audio.xmcdn.com/group33/M08/FD/65/wKgJnVmpRTLBI2znABjH7ZPmcPg711.m4a
2018-10-10 15:31:24,353 __main__- INFO - done
2018-10-10 15:31:24,353 __main__- INFO - start download 世界公认经典胎教音乐-高清音质_24).m4a url=http://audio.xmcdn.com/group33/M08/FD/66/wKgJnVmpRTnRLvVQAB1CxUiTCvU454.m4a
2018-10-10 15:31:24,418 __main__- INFO - done
2018-10-10 15:31:24,418 __main__- INFO - start download 世界公认经典胎教音乐-高清音质_25).m4a url=http://audio.xmcdn.com/group33/M0B/FD/6E/wKgJTFmpRUHTIvRGABYYsvw5Rug003.m4a
2018-10-10 15:31:24,490 __main__- INFO - done
2018-10-10 15:31:24,490 __main__- INFO - start download 世界公认经典胎教音乐-高清音质_27).m4a url=http://audio.xmcdn.com/group33/M0B/FD/70/wKgJTFmpRUrzEJIOACIeirsV2NY474.m4a
2018-10-10 15:31:24,553 __main__- INFO - done
2018-10-10 15:31:24,553 __main__- INFO - start download 世界公认经典胎教音乐-高清音质_29).m4a url=http://audio.xmcdn.com/group33/M08/FD/69/wKgJnVmpRU7jK8GeACC4P1PdaAU195.m4a
2018-10-10 15:31:24,616 __main__- INFO - done
2018-10-10 15:31:24,617 __main__- INFO - start download 世界公认经典胎教音乐-高清音质_30).m4a url=http://audio.xmcdn.com/group33/M0B/FD/70/wKgJTFmpRU_yFeyZACC4P5cb6T8634.m4a
2018-10-10 15:31:24,674 __main__- INFO - done
2018-10-10 15:31:24,675 __main__- INFO - start download 世界公认经典胎教音乐-高清音质_33).m4a url=http://audio.xmcdn.com/group33/M0B/FD/72/wKgJTFmpRVzwrS8tABzUpQCY3-o258.m4a
2018-10-10 15:31:24,730 __main__- INFO - done
2018-10-10 15:31:24,730 __main__- INFO - start download 世界公认经典胎教音乐-高清音质_34).m4a url=http://audio.xmcdn.com/group32/M09/FC/7D/wKgJS1mpRWmyoU85ABsn3lsF964310.m4a
2018-10-10 15:31:24,785 __main__- INFO - done
2018-10-10 15:31:24,785 __main__- INFO - start download 世界公认经典胎教音乐-高清音质_35).m4a url=http://audio.xmcdn.com/group32/M09/FC/FD/wKgJnFmpRXXy2V7VACi9GzylO6c607.m4a
2018-10-10 15:31:24,844 __main__- INFO - done
2018-10-10 15:31:24,844 __main__- INFO - start download 世界公认经典胎教音乐-高清音质_37).m4a url=http://audio.xmcdn.com/group32/M09/FC/82/wKgJS1mpRYDgU7WUACBNClc80Ig518.m4a
2018-10-10 15:31:24,901 __main__- INFO - done
2018-10-10 15:31:24,901 __main__- INFO - start download 世界公认经典胎教音乐-高清音质_39).m4a url=http://audio.xmcdn.com/group32/M09/FD/00/wKgJnFmpRYWwzegUAB4Na9khDRM715.m4a
2018-10-10 15:31:24,956 __main__- INFO - done
2018-10-10 15:31:24,956 __main__- INFO - start download 世界公认经典胎教音乐-高清音质_40).m4a url=http://audio.xmcdn.com/group32/M09/FD/01/wKgJnFmpRY7yep-dABOtBa0qD9A167.m4a
2018-10-10 15:31:25,018 __main__- INFO - done
2018-10-10 15:31:25,018 __main__- INFO - start download 世界公认经典胎教音乐-高清音质_42).m4a url=http://audio.xmcdn.com/group32/M09/FD/03/wKgJnFmpRZey1Pa5ACaJPELJQN8545.m4a
2018-10-10 15:31:25,070 __main__- INFO - done
2018-10-10 15:31:25,070 __main__- INFO - start download 世界公认经典胎教音乐-高清音质_44).m4a url=http://audio.xmcdn.com/group30/M08/69/5C/wKgJXlmpRafQjaqUAByCaCpGv1U791.m4a
2018-10-10 15:31:25,120 __main__- INFO - done
2018-10-10 15:31:25,121 __main__- INFO - start download 世界公认经典胎教音乐-高清音质_45).m4a url=http://audio.xmcdn.com/group30/M08/69/5D/wKgJXlmpRaujsvKkABqsgqTkSTE363.m4a
2018-10-10 15:31:25,170 __main__- INFO - done
2018-10-10 15:31:25,170 __main__- INFO - finish!
2018-10-10 15:31:37,126 __main__- INFO - ******************************开始获取网页************************************
2018-10-10 15:31:37,614 __main__- INFO - start download 世界公认经典胎教音乐-高清音质_1_.m4a url=http://audio.xmcdn.com/group30/M01/69/4A/wKgJXlmpRLyzTeOPABmxaDA2ztY510.m4a
2018-10-10 15:31:37,671 __main__- INFO - done
2018-10-10 15:31:37,671 __main__- INFO - start download 世界公认经典胎教音乐-高清音质_2_.m4a url=http://audio.xmcdn.com/group30/M05/69/4A/wKgJXlmpRL6zFjjIABjNz2LRbQw575.m4a
2018-10-10 15:31:37,724 __main__- INFO - done
2018-10-10 15:31:37,725 __main__- INFO - start download 世界公认经典胎教音乐-高清音质_5_.m4a url=http://audio.xmcdn.com/group30/M05/69/4C/wKgJXlmpRMbgJNUsABNsaj-mBwg346.m4a
2018-10-10 15:31:37,773 __main__- INFO - done
2018-10-10 15:31:37,773 __main__- INFO - start download 世界公认经典胎教音乐-高清音质_6_.m4a url=http://audio.xmcdn.com/group30/M05/69/4E/wKgJXlmpRMzgcTipABo5-DIeVY4789.m4a
2018-10-10 15:31:37,830 __main__- INFO - done
2018-10-10 15:31:37,831 __main__- INFO - start download 世界公认经典胎教音乐-高清音质_7_.m4a url=http://audio.xmcdn.com/group30/M05/69/50/wKgJXlmpRNSRhRZkACF-e7orYDo615.m4a
2018-10-10 15:31:37,878 __main__- INFO - done
2018-10-10 15:31:37,878 __main__- INFO - start download 世界公认经典胎教音乐-高清音质_10_.m4a url=http://audio.xmcdn.com/group30/M05/69/55/wKgJXlmpROew27iHACiA88n2UxY692.m4a
2018-10-10 15:31:37,928 __main__- INFO - done
2018-10-10 15:31:37,928 __main__- INFO - start download 世界公认经典胎教音乐-高清音质_11_.m4a url=http://audio.xmcdn.com/group30/M05/69/56/wKgJXlmpROzQ1p6qACFSbeSLkFA724.m4a
2018-10-10 15:31:37,979 __main__- INFO - done
2018-10-10 15:31:37,979 __main__- INFO - start download 世界公认经典胎教音乐-高清音质_12_.m4a url=http://audio.xmcdn.com/group32/M08/FC/F4/wKgJnFmpRPvT_ZYqAB9ME2d2Abw854.m4a
2018-10-10 15:31:38,030 __main__- INFO - done
2018-10-10 15:31:38,030 __main__- INFO - start download 世界公认经典胎教音乐-高清音质_13_.m4a url=http://audio.xmcdn.com/group32/M08/FC/F6/wKgJnFmpRQGxTotkAB4L8y43FtQ863.m4a
2018-10-10 15:31:38,095 __main__- INFO - done
2018-10-10 15:31:38,095 __main__- INFO - start download 世界公认经典胎教音乐-高清音质_14_.m4a url=http://audio.xmcdn.com/group32/M08/FC/78/wKgJS1mpRQWT1RFlAB4INTCMHsg360.m4a
2018-10-10 15:31:38,165 __main__- INFO - done
2018-10-10 15:31:38,165 __main__- INFO - start download 世界公认经典胎教音乐-高清音质_15_.m4a url=http://audio.xmcdn.com/group32/M08/FC/78/wKgJS1mpRQWyk71_ABpIp_7d0cM583.m4a
2018-10-10 15:31:38,214 __main__- INFO - done
2018-10-10 15:31:38,214 __main__- INFO - start download 世界公认经典胎教音乐-高清音质_16_.m4a url=http://audio.xmcdn.com/group32/M08/FC/F7/wKgJnFmpRQvB7YYBABihwSA_5pc571.m4a
2018-10-10 15:31:38,293 __main__- INFO - done
2018-10-10 15:31:38,293 __main__- INFO - start download 世界公认经典胎教音乐-高清音质_17_.m4a url=http://audio.xmcdn.com/group32/M08/FC/7A/wKgJS1mpRRLRhKfhABL0AQgXGSY033.m4a
2018-10-10 15:31:38,359 __main__- INFO - done
2018-10-10 15:31:38,359 __main__- INFO - start download 世界公认经典胎教音乐-高清音质_18_.m4a url=http://audio.xmcdn.com/group32/M08/FC/7B/wKgJS1mpRRrwdoZKAB6TC0MsPDk701.m4a
2018-10-10 15:31:38,411 __main__- INFO - done
2018-10-10 15:31:38,411 __main__- INFO - start download 世界公认经典胎教音乐-高清音质_19_.m4a url=http://audio.xmcdn.com/group32/M08/FC/7B/wKgJS1mpRR_g0xKfABXQvVaCJDg626.m4a
2018-10-10 15:31:38,457 __main__- INFO - done
2018-10-10 15:31:38,457 __main__- INFO - start download 世界公认经典胎教音乐-高清音质_20_.m4a url=http://audio.xmcdn.com/group33/M08/FD/6A/wKgJTFmpRSfQDKaWABXVKCO1nXQ501.m4a
2018-10-10 15:31:38,512 __main__- INFO - done
2018-10-10 15:31:38,513 __main__- INFO - start download 世界公认经典胎教音乐-高清音质_21_.m4a url=http://audio.xmcdn.com/group33/M08/FD/6C/wKgJTFmpRTHDWgPwAB8SzRw79xg850.m4a
2018-10-10 15:31:38,585 __main__- INFO - done
2018-10-10 15:31:38,585 __main__- INFO - start download 世界公认经典胎教音乐-高清音质_22_.m4a url=http://audio.xmcdn.com/group33/M08/FD/6C/wKgJTFmpRTLRvmzdAB--nSkpnRY539.m4a
2018-10-10 15:31:38,647 __main__- INFO - done
2018-10-10 15:31:38,648 __main__- INFO - start download 世界公认经典胎教音乐-高清音质_23_.m4a url=http://audio.xmcdn.com/group33/M08/FD/65/wKgJnVmpRTLBI2znABjH7ZPmcPg711.m4a
2018-10-10 15:31:38,697 __main__- INFO - done
2018-10-10 15:31:38,698 __main__- INFO - start download 世界公认经典胎教音乐-高清音质_24_.m4a url=http://audio.xmcdn.com/group33/M08/FD/66/wKgJnVmpRTnRLvVQAB1CxUiTCvU454.m4a
2018-10-10 15:31:38,759 __main__- INFO - done
2018-10-10 15:31:38,759 __main__- INFO - start download 世界公认经典胎教音乐-高清音质_25_.m4a url=http://audio.xmcdn.com/group33/M0B/FD/6E/wKgJTFmpRUHTIvRGABYYsvw5Rug003.m4a
2018-10-10 15:31:38,826 __main__- INFO - done
2018-10-10 15:31:38,827 __main__- INFO - start download 世界公认经典胎教音乐-高清音质_27_.m4a url=http://audio.xmcdn.com/group33/M0B/FD/70/wKgJTFmpRUrzEJIOACIeirsV2NY474.m4a
2018-10-10 15:31:38,878 __main__- INFO - done
2018-10-10 15:31:38,878 __main__- INFO - start download 世界公认经典胎教音乐-高清音质_29_.m4a url=http://audio.xmcdn.com/group33/M08/FD/69/wKgJnVmpRU7jK8GeACC4P1PdaAU195.m4a
2018-10-10 15:31:38,926 __main__- INFO - done
2018-10-10 15:31:38,926 __main__- INFO - start download 世界公认经典胎教音乐-高清音质_30_.m4a url=http://audio.xmcdn.com/group33/M0B/FD/70/wKgJTFmpRU_yFeyZACC4P5cb6T8634.m4a
2018-10-10 15:31:38,983 __main__- INFO - done
2018-10-10 15:31:38,983 __main__- INFO - start download 世界公认经典胎教音乐-高清音质_33_.m4a url=http://audio.xmcdn.com/group33/M0B/FD/72/wKgJTFmpRVzwrS8tABzUpQCY3-o258.m4a
2018-10-10 15:31:39,047 __main__- INFO - done
2018-10-10 15:31:39,047 __main__- INFO - start download 世界公认经典胎教音乐-高清音质_34_.m4a url=http://audio.xmcdn.com/group32/M09/FC/7D/wKgJS1mpRWmyoU85ABsn3lsF964310.m4a
2018-10-10 15:31:39,103 __main__- INFO - done
2018-10-10 15:31:39,103 __main__- INFO - start download 世界公认经典胎教音乐-高清音质_35_.m4a url=http://audio.xmcdn.com/group32/M09/FC/FD/wKgJnFmpRXXy2V7VACi9GzylO6c607.m4a
2018-10-10 15:31:39,151 __main__- INFO - done
2018-10-10 15:31:39,151 __main__- INFO - start download 世界公认经典胎教音乐-高清音质_37_.m4a url=http://audio.xmcdn.com/group32/M09/FC/82/wKgJS1mpRYDgU7WUACBNClc80Ig518.m4a
2018-10-10 15:31:39,202 __main__- INFO - done
2018-10-10 15:31:39,202 __main__- INFO - start download 世界公认经典胎教音乐-高清音质_39_.m4a url=http://audio.xmcdn.com/group32/M09/FD/00/wKgJnFmpRYWwzegUAB4Na9khDRM715.m4a
2018-10-10 15:31:39,269 __main__- INFO - done
2018-10-10 15:31:39,269 __main__- INFO - start download 世界公认经典胎教音乐-高清音质_40_.m4a url=http://audio.xmcdn.com/group32/M09/FD/01/wKgJnFmpRY7yep-dABOtBa0qD9A167.m4a
2018-10-10 15:31:39,328 __main__- INFO - done
2018-10-10 15:31:39,329 __main__- INFO - start download 世界公认经典胎教音乐-高清音质_42_.m4a url=http://audio.xmcdn.com/group32/M09/FD/03/wKgJnFmpRZey1Pa5ACaJPELJQN8545.m4a
2018-10-10 15:31:39,377 __main__- INFO - done
2018-10-10 15:31:39,377 __main__- INFO - start download 世界公认经典胎教音乐-高清音质_44_.m4a url=http://audio.xmcdn.com/group30/M08/69/5C/wKgJXlmpRafQjaqUAByCaCpGv1U791.m4a
2018-10-10 15:31:39,433 __main__- INFO - done
2018-10-10 15:31:39,433 __main__- INFO - start download 世界公认经典胎教音乐-高清音质_45_.m4a url=http://audio.xmcdn.com/group30/M08/69/5D/wKgJXlmpRaujsvKkABqsgqTkSTE363.m4a
2018-10-10 15:31:39,508 __main__- INFO - done
2018-10-10 15:31:39,508 __main__- INFO - finish!
